Build Preparation
Build task concurrency set to 12 via user default IDEBuildOperationMaxNumberOfConcurrentCompileTasks

note: Using new build system
note: Planning build
note: Using build description from disk
CompileSwiftSources normal x86_64 com.apple.xcode.tools.swift.compiler (in target: ExampleAppTests)
    cd /var/folders/r8/7_vrx8x948s08bsv5r2q6nv110xbg3/T/TemporaryItems/(A\ Document\ Being\ Saved\ By\ muter\ 44)/ExampleApp
    export DEVELOPER_DIR=/Applications/Xcode.app/Contents/Developer
    export SDKROOT=/Applications/Xcode.app/Contents/Developer/Platforms/iPhoneSimulator.platform/Developer/SDKs/iPhoneSimulator12.2.sdk
    /Applications/Xcode.app/Contents/Developer/Toolchains/XcodeDefault.xctoolchain/usr/bin/swiftc -incremental -module-name ExampleAppTests -Onone -enable-batch-mode -enforce-exclusivity=checked -DDEBUG -sdk /Applications/Xcode.app/Contents/Developer/Platforms/iPhoneSimulator.platform/Developer/SDKs/iPhoneSimulator12.2.sdk -target x86_64-apple-ios12.0-simulator -g -module-cache-path /Users/rafael.ramos/Library/Developer/Xcode/DerivedData/ModuleCache.noindex -Xfrontend -serialize-debugging-options -enable-testing -index-store-path /Users/rafael.ramos/Library/Developer/Xcode/DerivedData/ExampleApp-bexqrsfokpljkvfdijwmjcqhwlnx/Index/DataStore -swift-version 4.2 -I /Users/rafael.ramos/Library/Developer/Xcode/DerivedData/ExampleApp-bexqrsfokpljkvfdijwmjcqhwlnx/Build/Products/Debug-iphonesimulator -F /Users/rafael.ramos/Library/Developer/Xcode/DerivedData/ExampleApp-bexqrsfokpljkvfdijwmjcqhwlnx/Build/Products/Debug-iphonesimulator -F /Applications/Xcode.app/Contents/Developer/Platforms/iPhoneSimulator.platform/Developer/Library/Frameworks -c -j12 /var/folders/r8/7_vrx8x948s08bsv5r2q6nv110xbg3/T/TemporaryItems/\(A\ Document\ Being\ Saved\ By\ muter\ 44\)/ExampleApp/ExampleApp/Module.swift /var/folders/r8/7_vrx8x948s08bsv5r2q6nv110xbg3/T/TemporaryItems/\(A\ Document\ Being\ Saved\ By\ muter\ 44\)/ExampleApp/ExampleApp/Module2.swift /var/folders/r8/7_vrx8x948s08bsv5r2q6nv110xbg3/T/TemporaryItems/\(A\ Document\ Being\ Saved\ By\ muter\ 44\)/ExampleApp/ExampleApp/AppDelegate.swift /var/folders/r8/7_vrx8x948s08bsv5r2q6nv110xbg3/T/TemporaryItems/\(A\ Document\ Being\ Saved\ By\ muter\ 44\)/ExampleApp/ExampleApp/ViewController.swift /var/folders/r8/7_vrx8x948s08bsv5r2q6nv110xbg3/T/TemporaryItems/\(A\ Document\ Being\ Saved\ By\ muter\ 44\)/ExampleApp/ExampleAppTests/ModuleTests.swift -output-file-map /Users/rafael.ramos/Library/Developer/Xcode/DerivedData/ExampleApp-bexqrsfokpljkvfdijwmjcqhwlnx/Build/Intermediates.noindex/ExampleApp.build/Debug-iphonesimulator/ExampleAppTests.build/Objects-normal/x86_64/ExampleAppTests-OutputFileMap.json -parseable-output -serialize-diagnostics -emit-dependencies -emit-module -emit-module-path /Users/rafael.ramos/Library/Developer/Xcode/DerivedData/ExampleApp-bexqrsfokpljkvfdijwmjcqhwlnx/Build/Intermediates.noindex/ExampleApp.build/Debug-iphonesimulator/ExampleAppTests.build/Objects-normal/x86_64/ExampleAppTests.swiftmodule -Xcc -I/Users/rafael.ramos/Library/Developer/Xcode/DerivedData/ExampleApp-bexqrsfokpljkvfdijwmjcqhwlnx/Build/Intermediates.noindex/ExampleApp.build/Debug-iphonesimulator/ExampleAppTests.build/swift-overrides.hmap -Xcc -iquote -Xcc /Users/rafael.ramos/Library/Developer/Xcode/DerivedData/ExampleApp-bexqrsfokpljkvfdijwmjcqhwlnx/Build/Intermediates.noindex/ExampleApp.build/Debug-iphonesimulator/ExampleAppTests.build/ExampleAppTests-generated-files.hmap -Xcc -I/Users/rafael.ramos/Library/Developer/Xcode/DerivedData/ExampleApp-bexqrsfokpljkvfdijwmjcqhwlnx/Build/Intermediates.noindex/ExampleApp.build/Debug-iphonesimulator/ExampleAppTests.build/ExampleAppTests-own-target-headers.hmap -Xcc -I/Users/rafael.ramos/Library/Developer/Xcode/DerivedData/ExampleApp-bexqrsfokpljkvfdijwmjcqhwlnx/Build/Intermediates.noindex/ExampleApp.build/Debug-iphonesimulator/ExampleAppTests.build/ExampleAppTests-all-target-headers.hmap -Xcc -iquote -Xcc /Users/rafael.ramos/Library/Developer/Xcode/DerivedData/ExampleApp-bexqrsfokpljkvfdijwmjcqhwlnx/Build/Intermediates.noindex/ExampleApp.build/Debug-iphonesimulator/ExampleAppTests.build/ExampleAppTests-project-headers.hmap -Xcc -I/Users/rafael.ramos/Library/Developer/Xcode/DerivedData/ExampleApp-bexqrsfokpljkvfdijwmjcqhwlnx/Build/Products/Debug-iphonesimulator/include -Xcc -I/Users/rafael.ramos/Library/Developer/Xcode/DerivedData/ExampleApp-bexqrsfokpljkvfdijwmjcqhwlnx/Build/Intermediates.noindex/ExampleApp.build/Debug-iphonesimulator/ExampleAppTests.build/DerivedSources-normal/x86_64 -Xcc -I/Users/rafael.ramos/Library/Developer/Xcode/DerivedData/ExampleApp-bexqrsfokpljkvfdijwmjcqhwlnx/Build/Intermediates.noindex/ExampleApp.build/Debug-iphonesimulator/ExampleAppTests.build/DerivedSources/x86_64 -Xcc -I/Users/rafael.ramos/Library/Developer/Xcode/DerivedData/ExampleApp-bexqrsfokpljkvfdijwmjcqhwlnx/Build/Intermediates.noindex/ExampleApp.build/Debug-iphonesimulator/ExampleAppTests.build/DerivedSources -Xcc -DDEBUG=1 -emit-objc-header -emit-objc-header-path /Users/rafael.ramos/Library/Developer/Xcode/DerivedData/ExampleApp-bexqrsfokpljkvfdijwmjcqhwlnx/Build/Intermediates.noindex/ExampleApp.build/Debug-iphonesimulator/ExampleAppTests.build/Objects-normal/x86_64/ExampleAppTests-Swift.h -working-directory /var/folders/r8/7_vrx8x948s08bsv5r2q6nv110xbg3/T/TemporaryItems/\(A\ Document\ Being\ Saved\ By\ muter\ 44\)/ExampleApp -Xfrontend -serialize-debugging-options

CompileSwift normal x86_64 /var/folders/r8/7_vrx8x948s08bsv5r2q6nv110xbg3/T/TemporaryItems/(A\ Document\ Being\ Saved\ By\ muter\ 44)/ExampleApp/ExampleApp/Module2.swift (in target: ExampleAppTests)
    cd /var/folders/r8/7_vrx8x948s08bsv5r2q6nv110xbg3/T/TemporaryItems/(A\ Document\ Being\ Saved\ By\ muter\ 44)/ExampleApp
    /Applications/Xcode.app/Contents/Developer/Toolchains/XcodeDefault.xctoolchain/usr/bin/swift -frontend -c /var/folders/r8/7_vrx8x948s08bsv5r2q6nv110xbg3/T/TemporaryItems/\(A\ Document\ Being\ Saved\ By\ muter\ 44\)/ExampleApp/ExampleApp/Module.swift -primary-file /var/folders/r8/7_vrx8x948s08bsv5r2q6nv110xbg3/T/TemporaryItems/\(A\ Document\ Being\ Saved\ By\ muter\ 44\)/ExampleApp/ExampleApp/Module2.swift /var/folders/r8/7_vrx8x948s08bsv5r2q6nv110xbg3/T/TemporaryItems/\(A\ Document\ Being\ Saved\ By\ muter\ 44\)/ExampleApp/ExampleApp/AppDelegate.swift /var/folders/r8/7_vrx8x948s08bsv5r2q6nv110xbg3/T/TemporaryItems/\(A\ Document\ Being\ Saved\ By\ muter\ 44\)/ExampleApp/ExampleApp/ViewController.swift /var/folders/r8/7_vrx8x948s08bsv5r2q6nv110xbg3/T/TemporaryItems/\(A\ Document\ Being\ Saved\ By\ muter\ 44\)/ExampleApp/ExampleAppTests/ModuleTests.swift -emit-module-path /Users/rafael.ramos/Library/Developer/Xcode/DerivedData/ExampleApp-bexqrsfokpljkvfdijwmjcqhwlnx/Build/Intermediates.noindex/ExampleApp.build/Debug-iphonesimulator/ExampleAppTests.build/Objects-normal/x86_64/Module2\~partial.swiftmodule -emit-module-doc-path /Users/rafael.ramos/Library/Developer/Xcode/DerivedData/ExampleApp-bexqrsfokpljkvfdijwmjcqhwlnx/Build/Intermediates.noindex/ExampleApp.build/Debug-iphonesimulator/ExampleAppTests.build/Objects-normal/x86_64/Module2\~partial.swiftdoc -serialize-diagnostics-path /Users/rafael.ramos/Library/Developer/Xcode/DerivedData/ExampleApp-bexqrsfokpljkvfdijwmjcqhwlnx/Build/Intermediates.noindex/ExampleApp.build/Debug-iphonesimulator/ExampleAppTests.build/Objects-normal/x86_64/Module2.dia -emit-dependencies-path /Users/rafael.ramos/Library/Developer/Xcode/DerivedData/ExampleApp-bexqrsfokpljkvfdijwmjcqhwlnx/Build/Intermediates.noindex/ExampleApp.build/Debug-iphonesimulator/ExampleAppTests.build/Objects-normal/x86_64/Module2.d -emit-reference-dependencies-path /Users/rafael.ramos/Library/Developer/Xcode/DerivedData/ExampleApp-bexqrsfokpljkvfdijwmjcqhwlnx/Build/Intermediates.noindex/ExampleApp.build/Debug-iphonesimulator/ExampleAppTests.build/Objects-normal/x86_64/Module2.swiftdeps -target x86_64-apple-ios12.0-simulator -enable-objc-interop -sdk /Applications/Xcode.app/Contents/Developer/Platforms/iPhoneSimulator.platform/Developer/SDKs/iPhoneSimulator12.2.sdk -I /Users/rafael.ramos/Library/Developer/Xcode/DerivedData/ExampleApp-bexqrsfokpljkvfdijwmjcqhwlnx/Build/Products/Debug-iphonesimulator -F /Users/rafael.ramos/Library/Developer/Xcode/DerivedData/ExampleApp-bexqrsfokpljkvfdijwmjcqhwlnx/Build/Products/Debug-iphonesimulator -F /Applications/Xcode.app/Contents/Developer/Platforms/iPhoneSimulator.platform/Developer/Library/Frameworks -enable-testing -g -module-cache-path /Users/rafael.ramos/Library/Developer/Xcode/DerivedData/ModuleCache.noindex -swift-version 4.2 -enforce-exclusivity=checked -Onone -D DEBUG -serialize-debugging-options -serialize-debugging-options -Xcc -working-directory -Xcc /var/folders/r8/7_vrx8x948s08bsv5r2q6nv110xbg3/T/TemporaryItems/\(A\ Document\ Being\ Saved\ By\ muter\ 44\)/ExampleApp -enable-anonymous-context-mangled-names -Xcc -I/Users/rafael.ramos/Library/Developer/Xcode/DerivedData/ExampleApp-bexqrsfokpljkvfdijwmjcqhwlnx/Build/Intermediates.noindex/ExampleApp.build/Debug-iphonesimulator/ExampleAppTests.build/swift-overrides.hmap -Xcc -iquote -Xcc /Users/rafael.ramos/Library/Developer/Xcode/DerivedData/ExampleApp-bexqrsfokpljkvfdijwmjcqhwlnx/Build/Intermediates.noindex/ExampleApp.build/Debug-iphonesimulator/ExampleAppTests.build/ExampleAppTests-generated-files.hmap -Xcc -I/Users/rafael.ramos/Library/Developer/Xcode/DerivedData/ExampleApp-bexqrsfokpljkvfdijwmjcqhwlnx/Build/Intermediates.noindex/ExampleApp.build/Debug-iphonesimulator/ExampleAppTests.build/ExampleAppTests-own-target-headers.hmap -Xcc -I/Users/rafael.ramos/Library/Developer/Xcode/DerivedData/ExampleApp-bexqrsfokpljkvfdijwmjcqhwlnx/Build/Intermediates.noindex/ExampleApp.build/Debug-iphonesimulator/ExampleAppTests.build/ExampleAppTests-all-target-headers.hmap -Xcc -iquote -Xcc /Users/rafael.ramos/Library/Developer/Xcode/DerivedData/ExampleApp-bexqrsfokpljkvfdijwmjcqhwlnx/Build/Intermediates.noindex/ExampleApp.build/Debug-iphonesimulator/ExampleAppTests.build/ExampleAppTests-project-headers.hmap -Xcc -I/Users/rafael.ramos/Library/Developer/Xcode/DerivedData/ExampleApp-bexqrsfokpljkvfdijwmjcqhwlnx/Build/Products/Debug-iphonesimulator/include -Xcc -I/Users/rafael.ramos/Library/Developer/Xcode/DerivedData/ExampleApp-bexqrsfokpljkvfdijwmjcqhwlnx/Build/Intermediates.noindex/ExampleApp.build/Debug-iphonesimulator/ExampleAppTests.build/DerivedSources-normal/x86_64 -Xcc -I/Users/rafael.ramos/Library/Developer/Xcode/DerivedData/ExampleApp-bexqrsfokpljkvfdijwmjcqhwlnx/Build/Intermediates.noindex/ExampleApp.build/Debug-iphonesimulator/ExampleAppTests.build/DerivedSources/x86_64 -Xcc -I/Users/rafael.ramos/Library/Developer/Xcode/DerivedData/ExampleApp-bexqrsfokpljkvfdijwmjcqhwlnx/Build/Intermediates.noindex/ExampleApp.build/Debug-iphonesimulator/ExampleAppTests.build/DerivedSources -Xcc -DDEBUG=1 -module-name ExampleAppTests -o /Users/rafael.ramos/Library/Developer/Xcode/DerivedData/ExampleApp-bexqrsfokpljkvfdijwmjcqhwlnx/Build/Intermediates.noindex/ExampleApp.build/Debug-iphonesimulator/ExampleAppTests.build/Objects-normal/x86_64/Module2.o -index-store-path /Users/rafael.ramos/Library/Developer/Xcode/DerivedData/ExampleApp-bexqrsfokpljkvfdijwmjcqhwlnx/Index/DataStore -index-system-modules

MergeSwiftModule normal x86_64 (in target: ExampleAppTests)
    cd /var/folders/r8/7_vrx8x948s08bsv5r2q6nv110xbg3/T/TemporaryItems/(A\ Document\ Being\ Saved\ By\ muter\ 44)/ExampleApp
    /Applications/Xcode.app/Contents/Developer/Toolchains/XcodeDefault.xctoolchain/usr/bin/swift -frontend -merge-modules -emit-module /Users/rafael.ramos/Library/Developer/Xcode/DerivedData/ExampleApp-bexqrsfokpljkvfdijwmjcqhwlnx/Build/Intermediates.noindex/ExampleApp.build/Debug-iphonesimulator/ExampleAppTests.build/Objects-normal/x86_64/Module\~partial.swiftmodule /Users/rafael.ramos/Library/Developer/Xcode/DerivedData/ExampleApp-bexqrsfokpljkvfdijwmjcqhwlnx/Build/Intermediates.noindex/ExampleApp.build/Debug-iphonesimulator/ExampleAppTests.build/Objects-normal/x86_64/Module2\~partial.swiftmodule /Users/rafael.ramos/Library/Developer/Xcode/DerivedData/ExampleApp-bexqrsfokpljkvfdijwmjcqhwlnx/Build/Intermediates.noindex/ExampleApp.build/Debug-iphonesimulator/ExampleAppTests.build/Objects-normal/x86_64/AppDelegate\~partial.swiftmodule /Users/rafael.ramos/Library/Developer/Xcode/DerivedData/ExampleApp-bexqrsfokpljkvfdijwmjcqhwlnx/Build/Intermediates.noindex/ExampleApp.build/Debug-iphonesimulator/ExampleAppTests.build/Objects-normal/x86_64/ViewController\~partial.swiftmodule /Users/rafael.ramos/Library/Developer/Xcode/DerivedData/ExampleApp-bexqrsfokpljkvfdijwmjcqhwlnx/Build/Intermediates.noindex/ExampleApp.build/Debug-iphonesimulator/ExampleAppTests.build/Objects-normal/x86_64/ModuleTests\~partial.swiftmodule -parse-as-library -sil-merge-partial-modules -disable-diagnostic-passes -disable-sil-perf-optzns -target x86_64-apple-ios12.0-simulator -enable-objc-interop -sdk /Applications/Xcode.app/Contents/Developer/Platforms/iPhoneSimulator.platform/Developer/SDKs/iPhoneSimulator12.2.sdk -I /Users/rafael.ramos/Library/Developer/Xcode/DerivedData/ExampleApp-bexqrsfokpljkvfdijwmjcqhwlnx/Build/Products/Debug-iphonesimulator -F /Users/rafael.ramos/Library/Developer/Xcode/DerivedData/ExampleApp-bexqrsfokpljkvfdijwmjcqhwlnx/Build/Products/Debug-iphonesimulator -F /Applications/Xcode.app/Contents/Developer/Platforms/iPhoneSimulator.platform/Developer/Library/Frameworks -enable-testing -g -module-cache-path /Users/rafael.ramos/Library/Developer/Xcode/DerivedData/ModuleCache.noindex -swift-version 4.2 -enforce-exclusivity=checked -Onone -D DEBUG -serialize-debugging-options -serialize-debugging-options -Xcc -working-directory -Xcc /var/folders/r8/7_vrx8x948s08bsv5r2q6nv110xbg3/T/TemporaryItems/\(A\ Document\ Being\ Saved\ By\ muter\ 44\)/ExampleApp -enable-anonymous-context-mangled-names -Xcc -I/Users/rafael.ramos/Library/Developer/Xcode/DerivedData/ExampleApp-bexqrsfokpljkvfdijwmjcqhwlnx/Build/Intermediates.noindex/ExampleApp.build/Debug-iphonesimulator/ExampleAppTests.build/swift-overrides.hmap -Xcc -iquote -Xcc /Users/rafael.ramos/Library/Developer/Xcode/DerivedData/ExampleApp-bexqrsfokpljkvfdijwmjcqhwlnx/Build/Intermediates.noindex/ExampleApp.build/Debug-iphonesimulator/ExampleAppTests.build/ExampleAppTests-generated-files.hmap -Xcc -I/Users/rafael.ramos/Library/Developer/Xcode/DerivedData/ExampleApp-bexqrsfokpljkvfdijwmjcqhwlnx/Build/Intermediates.noindex/ExampleApp.build/Debug-iphonesimulator/ExampleAppTests.build/ExampleAppTests-own-target-headers.hmap -Xcc -I/Users/rafael.ramos/Library/Developer/Xcode/DerivedData/ExampleApp-bexqrsfokpljkvfdijwmjcqhwlnx/Build/Intermediates.noindex/ExampleApp.build/Debug-iphonesimulator/ExampleAppTests.build/ExampleAppTests-all-target-headers.hmap -Xcc -iquote -Xcc /Users/rafael.ramos/Library/Developer/Xcode/DerivedData/ExampleApp-bexqrsfokpljkvfdijwmjcqhwlnx/Build/Intermediates.noindex/ExampleApp.build/Debug-iphonesimulator/ExampleAppTests.build/ExampleAppTests-project-headers.hmap -Xcc -I/Users/rafael.ramos/Library/Developer/Xcode/DerivedData/ExampleApp-bexqrsfokpljkvfdijwmjcqhwlnx/Build/Products/Debug-iphonesimulator/include -Xcc -I/Users/rafael.ramos/Library/Developer/Xcode/DerivedData/ExampleApp-bexqrsfokpljkvfdijwmjcqhwlnx/Build/Intermediates.noindex/ExampleApp.build/Debug-iphonesimulator/ExampleAppTests.build/DerivedSources-normal/x86_64 -Xcc -I/Users/rafael.ramos/Library/Developer/Xcode/DerivedData/ExampleApp-bexqrsfokpljkvfdijwmjcqhwlnx/Build/Intermediates.noindex/ExampleApp.build/Debug-iphonesimulator/ExampleAppTests.build/DerivedSources/x86_64 -Xcc -I/Users/rafael.ramos/Library/Developer/Xcode/DerivedData/ExampleApp-bexqrsfokpljkvfdijwmjcqhwlnx/Build/Intermediates.noindex/ExampleApp.build/Debug-iphonesimulator/ExampleAppTests.build/DerivedSources -Xcc -DDEBUG=1 -emit-module-doc-path /Users/rafael.ramos/Library/Developer/Xcode/DerivedData/ExampleApp-bexqrsfokpljkvfdijwmjcqhwlnx/Build/Intermediates.noindex/ExampleApp.build/Debug-iphonesimulator/ExampleAppTests.build/Objects-normal/x86_64/ExampleAppTests.swiftdoc -emit-objc-header-path /Users/rafael.ramos/Library/Developer/Xcode/DerivedData/ExampleApp-bexqrsfokpljkvfdijwmjcqhwlnx/Build/Intermediates.noindex/ExampleApp.build/Debug-iphonesimulator/ExampleAppTests.build/Objects-normal/x86_64/ExampleAppTests-Swift.h -module-name ExampleAppTests -o /Users/rafael.ramos/Library/Developer/Xcode/DerivedData/ExampleApp-bexqrsfokpljkvfdijwmjcqhwlnx/Build/Intermediates.noindex/ExampleApp.build/Debug-iphonesimulator/ExampleAppTests.build/Objects-normal/x86_64/ExampleAppTests.swiftmodule

Ld /Users/rafael.ramos/Library/Developer/Xcode/DerivedData/ExampleApp-bexqrsfokpljkvfdijwmjcqhwlnx/Build/Products/Debug-iphonesimulator/ExampleAppTests.xctest/ExampleAppTests normal x86_64 (in target: ExampleAppTests)
    cd /var/folders/r8/7_vrx8x948s08bsv5r2q6nv110xbg3/T/TemporaryItems/(A\ Document\ Being\ Saved\ By\ muter\ 44)/ExampleApp
    export IPHONEOS_DEPLOYMENT_TARGET=12.0
    /Applications/Xcode.app/Contents/Developer/Toolchains/XcodeDefault.xctoolchain/usr/bin/clang -arch x86_64 -bundle -isysroot /Applications/Xcode.app/Contents/Developer/Platforms/iPhoneSimulator.platform/Developer/SDKs/iPhoneSimulator12.2.sdk -L/Users/rafael.ramos/Library/Developer/Xcode/DerivedData/ExampleApp-bexqrsfokpljkvfdijwmjcqhwlnx/Build/Products/Debug-iphonesimulator -F/Users/rafael.ramos/Library/Developer/Xcode/DerivedData/ExampleApp-bexqrsfokpljkvfdijwmjcqhwlnx/Build/Products/Debug-iphonesimulator -F/Applications/Xcode.app/Contents/Developer/Platforms/iPhoneSimulator.platform/Developer/Library/Frameworks -filelist /Users/rafael.ramos/Library/Developer/Xcode/DerivedData/ExampleApp-bexqrsfokpljkvfdijwmjcqhwlnx/Build/Intermediates.noindex/ExampleApp.build/Debug-iphonesimulator/ExampleAppTests.build/Objects-normal/x86_64/ExampleAppTests.LinkFileList -Xlinker -rpath -Xlinker /usr/lib/swift -Xlinker -rpath -Xlinker @executable_path/Frameworks -Xlinker -rpath -Xlinker @loader_path/Frameworks -mios-simulator-version-min=12.0 -dead_strip -Xlinker -object_path_lto -Xlinker /Users/rafael.ramos/Library/Developer/Xcode/DerivedData/ExampleApp-bexqrsfokpljkvfdijwmjcqhwlnx/Build/Intermediates.noindex/ExampleApp.build/Debug-iphonesimulator/ExampleAppTests.build/Objects-normal/x86_64/ExampleAppTests_lto.o -Xlinker -export_dynamic -Xlinker -no_deduplicate -Xlinker -objc_abi_version -Xlinker 2 -fobjc-link-runtime -L/Applications/Xcode.app/Contents/Developer/Toolchains/XcodeDefault.xctoolchain/usr/lib/swift/iphonesimulator -Xlinker -add_ast_path -Xlinker /Users/rafael.ramos/Library/Developer/Xcode/DerivedData/ExampleApp-bexqrsfokpljkvfdijwmjcqhwlnx/Build/Intermediates.noindex/ExampleApp.build/Debug-iphonesimulator/ExampleAppTests.build/Objects-normal/x86_64/ExampleAppTests.swiftmodule -framework XCTest -Xlinker -sectcreate -Xlinker __TEXT -Xlinker __entitlements -Xlinker /Users/rafael.ramos/Library/Developer/Xcode/DerivedData/ExampleApp-bexqrsfokpljkvfdijwmjcqhwlnx/Build/Intermediates.noindex/ExampleApp.build/Debug-iphonesimulator/ExampleAppTests.build/ExampleAppTests.xctest-Simulated.xcent -Xlinker -dependency_info -Xlinker /Users/rafael.ramos/Library/Developer/Xcode/DerivedData/ExampleApp-bexqrsfokpljkvfdijwmjcqhwlnx/Build/Intermediates.noindex/ExampleApp.build/Debug-iphonesimulator/ExampleAppTests.build/Objects-normal/x86_64/ExampleAppTests_dependency_info.dat -o /Users/rafael.ramos/Library/Developer/Xcode/DerivedData/ExampleApp-bexqrsfokpljkvfdijwmjcqhwlnx/Build/Products/Debug-iphonesimulator/ExampleAppTests.xctest/ExampleAppTests

CopySwiftLibs /Users/rafael.ramos/Library/Developer/Xcode/DerivedData/ExampleApp-bexqrsfokpljkvfdijwmjcqhwlnx/Build/Products/Debug-iphonesimulator/ExampleAppTests.xctest (in target: ExampleAppTests)
    cd /var/folders/r8/7_vrx8x948s08bsv5r2q6nv110xbg3/T/TemporaryItems/(A\ Document\ Being\ Saved\ By\ muter\ 44)/ExampleApp
    export CODESIGN_ALLOCATE=/Applications/Xcode.app/Contents/Developer/Toolchains/XcodeDefault.xctoolchain/usr/bin/codesign_allocate
    export DEVELOPER_DIR=/Applications/Xcode.app/Contents/Developer
    export SDKROOT=/Applications/Xcode.app/Contents/Developer/Platforms/iPhoneSimulator.platform/Developer/SDKs/iPhoneSimulator12.2.sdk
    builtin-swiftStdLibTool --copy --verbose --sign - --scan-executable /Users/rafael.ramos/Library/Developer/Xcode/DerivedData/ExampleApp-bexqrsfokpljkvfdijwmjcqhwlnx/Build/Products/Debug-iphonesimulator/ExampleAppTests.xctest/ExampleAppTests --scan-folder /Users/rafael.ramos/Library/Developer/Xcode/DerivedData/ExampleApp-bexqrsfokpljkvfdijwmjcqhwlnx/Build/Products/Debug-iphonesimulator/ExampleAppTests.xctest/Frameworks --scan-folder /Users/rafael.ramos/Library/Developer/Xcode/DerivedData/ExampleApp-bexqrsfokpljkvfdijwmjcqhwlnx/Build/Products/Debug-iphonesimulator/ExampleAppTests.xctest/PlugIns --platform iphonesimulator --toolchain /Applications/Xcode.app/Contents/Developer/Toolchains/XcodeDefault.xctoolchain --destination /Users/rafael.ramos/Library/Developer/Xcode/DerivedData/ExampleApp-bexqrsfokpljkvfdijwmjcqhwlnx/Build/Products/Debug-iphonesimulator/ExampleAppTests.xctest/Frameworks --strip-bitcode --resource-destination /Users/rafael.ramos/Library/Developer/Xcode/DerivedData/ExampleApp-bexqrsfokpljkvfdijwmjcqhwlnx/Build/Products/Debug-iphonesimulator/ExampleAppTests.xctest --resource-library libswiftRemoteMirror.dylib --strip-bitcode-tool /Applications/Xcode.app/Contents/Developer/Toolchains/XcodeDefault.xctoolchain/usr/bin/bitcode_strip --emit-dependency-info /Users/rafael.ramos/Library/Developer/Xcode/DerivedData/ExampleApp-bexqrsfokpljkvfdijwmjcqhwlnx/Build/Intermediates.noindex/ExampleApp.build/Debug-iphonesimulator/ExampleAppTests.build/SwiftStdLibToolInputDependencies.dep
Requested Swift ABI version based on scanned binaries: unstable(7)
libswiftCore.dylib is up to date at /Users/rafael.ramos/Library/Developer/Xcode/DerivedData/ExampleApp-bexqrsfokpljkvfdijwmjcqhwlnx/Build/Products/Debug-iphonesimulator/ExampleAppTests.xctest/Frameworks/libswiftCore.dylib
libswiftObjectiveC.dylib is up to date at /Users/rafael.ramos/Library/Developer/Xcode/DerivedData/ExampleApp-bexqrsfokpljkvfdijwmjcqhwlnx/Build/Products/Debug-iphonesimulator/ExampleAppTests.xctest/Frameworks/libswiftObjectiveC.dylib
libswiftDarwin.dylib is up to date at /Users/rafael.ramos/Library/Developer/Xcode/DerivedData/ExampleApp-bexqrsfokpljkvfdijwmjcqhwlnx/Build/Products/Debug-iphonesimulator/ExampleAppTests.xctest/Frameworks/libswiftDarwin.dylib
libswiftFoundation.dylib is up to date at /Users/rafael.ramos/Library/Developer/Xcode/DerivedData/ExampleApp-bexqrsfokpljkvfdijwmjcqhwlnx/Build/Products/Debug-iphonesimulator/ExampleAppTests.xctest/Frameworks/libswiftFoundation.dylib
libswiftUIKit.dylib is up to date at /Users/rafael.ramos/Library/Developer/Xcode/DerivedData/ExampleApp-bexqrsfokpljkvfdijwmjcqhwlnx/Build/Products/Debug-iphonesimulator/ExampleAppTests.xctest/Frameworks/libswiftUIKit.dylib
libswiftos.dylib is up to date at /Users/rafael.ramos/Library/Developer/Xcode/DerivedData/ExampleApp-bexqrsfokpljkvfdijwmjcqhwlnx/Build/Products/Debug-iphonesimulator/ExampleAppTests.xctest/Frameworks/libswiftos.dylib
libswiftCoreGraphics.dylib is up to date at /Users/rafael.ramos/Library/Developer/Xcode/DerivedData/ExampleApp-bexqrsfokpljkvfdijwmjcqhwlnx/Build/Products/Debug-iphonesimulator/ExampleAppTests.xctest/Frameworks/libswiftCoreGraphics.dylib
libswiftQuartzCore.dylib is up to date at /Users/rafael.ramos/Library/Developer/Xcode/DerivedData/ExampleApp-bexqrsfokpljkvfdijwmjcqhwlnx/Build/Products/Debug-iphonesimulator/ExampleAppTests.xctest/Frameworks/libswiftQuartzCore.dylib
libswiftXCTest.dylib is up to date at /Users/rafael.ramos/Library/Developer/Xcode/DerivedData/ExampleApp-bexqrsfokpljkvfdijwmjcqhwlnx/Build/Products/Debug-iphonesimulator/ExampleAppTests.xctest/Frameworks/libswiftXCTest.dylib
libswiftDispatch.dylib is up to date at /Users/rafael.ramos/Library/Developer/Xcode/DerivedData/ExampleApp-bexqrsfokpljkvfdijwmjcqhwlnx/Build/Products/Debug-iphonesimulator/ExampleAppTests.xctest/Frameworks/libswiftDispatch.dylib
libswiftCoreImage.dylib is up to date at /Users/rafael.ramos/Library/Developer/Xcode/DerivedData/ExampleApp-bexqrsfokpljkvfdijwmjcqhwlnx/Build/Products/Debug-iphonesimulator/ExampleAppTests.xctest/Frameworks/libswiftCoreImage.dylib
libswiftCoreAudio.dylib is up to date at /Users/rafael.ramos/Library/Developer/Xcode/DerivedData/ExampleApp-bexqrsfokpljkvfdijwmjcqhwlnx/Build/Products/Debug-iphonesimulator/ExampleAppTests.xctest/Frameworks/libswiftCoreAudio.dylib
libswiftMetal.dylib is up to date at /Users/rafael.ramos/Library/Developer/Xcode/DerivedData/ExampleApp-bexqrsfokpljkvfdijwmjcqhwlnx/Build/Products/Debug-iphonesimulator/ExampleAppTests.xctest/Frameworks/libswiftMetal.dylib
libswiftCoreFoundation.dylib is up to date at /Users/rafael.ramos/Library/Developer/Xcode/DerivedData/ExampleApp-bexqrsfokpljkvfdijwmjcqhwlnx/Build/Products/Debug-iphonesimulator/ExampleAppTests.xctest/Frameworks/libswiftCoreFoundation.dylib
libswiftCoreMedia.dylib is up to date at /Users/rafael.ramos/Library/Developer/Xcode/DerivedData/ExampleApp-bexqrsfokpljkvfdijwmjcqhwlnx/Build/Products/Debug-iphonesimulator/ExampleAppTests.xctest/Frameworks/libswiftCoreMedia.dylib
libswiftRemoteMirror.dylib is up to date at /Users/rafael.ramos/Library/Developer/Xcode/DerivedData/ExampleApp-bexqrsfokpljkvfdijwmjcqhwlnx/Build/Products/Debug-iphonesimulator/ExampleAppTests.xctest/libswiftRemoteMirror.dylib
Probing signature of /Users/rafael.ramos/Library/Developer/Xcode/DerivedData/ExampleApp-bexqrsfokpljkvfdijwmjcqhwlnx/Build/Products/Debug-iphonesimulator/ExampleAppTests.xctest/Frameworks/libswiftCore.dylib
/usr/bin/codesign -r- --display /Users/rafael.ramos/Library/Developer/Xcode/DerivedData/ExampleApp-bexqrsfokpljkvfdijwmjcqhwlnx/Build/Products/Debug-iphonesimulator/ExampleAppTests.xctest/Frameworks/libswiftCore.dylib
Codesigning /Users/rafael.ramos/Library/Developer/Xcode/DerivedData/ExampleApp-bexqrsfokpljkvfdijwmjcqhwlnx/Build/Products/Debug-iphonesimulator/ExampleAppTests.xctest/Frameworks/libswiftCore.dylib
/usr/bin/codesign --force --sign - --verbose /Users/rafael.ramos/Library/Developer/Xcode/DerivedData/ExampleApp-bexqrsfokpljkvfdijwmjcqhwlnx/Build/Products/Debug-iphonesimulator/ExampleAppTests.xctest/Frameworks/libswiftCore.dylib
Probing signature of /Users/rafael.ramos/Library/Developer/Xcode/DerivedData/ExampleApp-bexqrsfokpljkvfdijwmjcqhwlnx/Build/Products/Debug-iphonesimulator/ExampleAppTests.xctest/Frameworks/libswiftCore.dylib
/usr/bin/codesign -r- --display /Users/rafael.ramos/Library/Developer/Xcode/DerivedData/ExampleApp-bexqrsfokpljkvfdijwmjcqhwlnx/Build/Products/Debug-iphonesimulator/ExampleAppTests.xctest/Frameworks/libswiftCore.dylib
Code signature of /Users/rafael.ramos/Library/Developer/Xcode/DerivedData/ExampleApp-bexqrsfokpljkvfdijwmjcqhwlnx/Build/Products/Debug-iphonesimulator/ExampleAppTests.xctest/Frameworks/libswiftCore.dylib is unchanged; keeping original
Probing signature of /Users/rafael.ramos/Library/Developer/Xcode/DerivedData/ExampleApp-bexqrsfokpljkvfdijwmjcqhwlnx/Build/Products/Debug-iphonesimulator/ExampleAppTests.xctest/Frameworks/libswiftDarwin.dylib
Probing signature of /Users/rafael.ramos/Library/Developer/Xcode/DerivedData/ExampleApp-bexqrsfokpljkvfdijwmjcqhwlnx/Build/Products/Debug-iphonesimulator/ExampleAppTests.xctest/Frameworks/libswiftObjectiveC.dylib
Probing signature of /Users/rafael.ramos/Library/Developer/Xcode/DerivedData/ExampleApp-bexqrsfokpljkvfdijwmjcqhwlnx/Build/Products/Debug-iphonesimulator/ExampleAppTests.xctest/Frameworks/libswiftCoreGraphics.dylib
Probing signature of /Users/rafael.ramos/Library/Developer/Xcode/DerivedData/ExampleApp-bexqrsfokpljkvfdijwmjcqhwlnx/Build/Products/Debug-iphonesimulator/ExampleAppTests.xctest/Frameworks/libswiftos.dylib
Probing signature of /Users/rafael.ramos/Library/Developer/Xcode/DerivedData/ExampleApp-bexqrsfokpljkvfdijwmjcqhwlnx/Build/Products/Debug-iphonesimulator/ExampleAppTests.xctest/Frameworks/libswiftFoundation.dylib
Probing signature of /Users/rafael.ramos/Library/Developer/Xcode/DerivedData/ExampleApp-bexqrsfokpljkvfdijwmjcqhwlnx/Build/Products/Debug-iphonesimulator/ExampleAppTests.xctest/Frameworks/libswiftQuartzCore.dylib
Probing signature of /Users/rafael.ramos/Library/Developer/Xcode/DerivedData/ExampleApp-bexqrsfokpljkvfdijwmjcqhwlnx/Build/Products/Debug-iphonesimulator/ExampleAppTests.xctest/Frameworks/libswiftCoreImage.dylib
Probing signature of /Users/rafael.ramos/Library/Developer/Xcode/DerivedData/ExampleApp-bexqrsfokpljkvfdijwmjcqhwlnx/Build/Products/Debug-iphonesimulator/ExampleAppTests.xctest/Frameworks/libswiftCoreAudio.dylib
Probing signature of /Users/rafael.ramos/Library/Developer/Xcode/DerivedData/ExampleApp-bexqrsfokpljkvfdijwmjcqhwlnx/Build/Products/Debug-iphonesimulator/ExampleAppTests.xctest/Frameworks/libswiftXCTest.dylib
Probing signature of /Users/rafael.ramos/Library/Developer/Xcode/DerivedData/ExampleApp-bexqrsfokpljkvfdijwmjcqhwlnx/Build/Products/Debug-iphonesimulator/ExampleAppTests.xctest/Frameworks/libswiftDispatch.dylib
Probing signature of /Users/rafael.ramos/Library/Developer/Xcode/DerivedData/ExampleApp-bexqrsfokpljkvfdijwmjcqhwlnx/Build/Products/Debug-iphonesimulator/ExampleAppTests.xctest/Frameworks/libswiftUIKit.dylib
Probing signature of /Users/rafael.ramos/Library/Developer/Xcode/DerivedData/ExampleApp-bexqrsfokpljkvfdijwmjcqhwlnx/Build/Products/Debug-iphonesimulator/ExampleAppTests.xctest/Frameworks/libswiftMetal.dylib
/usr/bin/codesign -r- --display /Users/rafael.ramos/Library/Developer/Xcode/DerivedData/ExampleApp-bexqrsfokpljkvfdijwmjcqhwlnx/Build/Products/Debug-iphonesimulator/ExampleAppTests.xctest/Frameworks/libswiftDarwin.dylib
/usr/bin/codesign -r- --display /Users/rafael.ramos/Library/Developer/Xcode/DerivedData/ExampleApp-bexqrsfokpljkvfdijwmjcqhwlnx/Build/Products/Debug-iphonesimulator/ExampleAppTests.xctest/Frameworks/libswiftObjectiveC.dylib
/usr/bin/codesign -r- --display /Users/rafael.ramos/Library/Developer/Xcode/DerivedData/ExampleApp-bexqrsfokpljkvfdijwmjcqhwlnx/Build/Products/Debug-iphonesimulator/ExampleAppTests.xctest/Frameworks/libswiftCoreGraphics.dylib
/usr/bin/codesign -r- --display /Users/rafael.ramos/Library/Developer/Xcode/DerivedData/ExampleApp-bexqrsfokpljkvfdijwmjcqhwlnx/Build/Products/Debug-iphonesimulator/ExampleAppTests.xctest/Frameworks/libswiftos.dylib
/usr/bin/codesign -r- --display /Users/rafael.ramos/Library/Developer/Xcode/DerivedData/ExampleApp-bexqrsfokpljkvfdijwmjcqhwlnx/Build/Products/Debug-iphonesimulator/ExampleAppTests.xctest/Frameworks/libswiftFoundation.dylib
/usr/bin/codesign -r- --display /Users/rafael.ramos/Library/Developer/Xcode/DerivedData/ExampleApp-bexqrsfokpljkvfdijwmjcqhwlnx/Build/Products/Debug-iphonesimulator/ExampleAppTests.xctest/Frameworks/libswiftQuartzCore.dylib
/usr/bin/codesign -r- --display /Users/rafael.ramos/Library/Developer/Xcode/DerivedData/ExampleApp-bexqrsfokpljkvfdijwmjcqhwlnx/Build/Products/Debug-iphonesimulator/ExampleAppTests.xctest/Frameworks/libswiftCoreImage.dylib
/usr/bin/codesign -r- --display /Users/rafael.ramos/Library/Developer/Xcode/DerivedData/ExampleApp-bexqrsfokpljkvfdijwmjcqhwlnx/Build/Products/Debug-iphonesimulator/ExampleAppTests.xctest/Frameworks/libswiftCoreAudio.dylib
/usr/bin/codesign -r- --display /Users/rafael.ramos/Library/Developer/Xcode/DerivedData/ExampleApp-bexqrsfokpljkvfdijwmjcqhwlnx/Build/Products/Debug-iphonesimulator/ExampleAppTests.xctest/Frameworks/libswiftXCTest.dylib
/usr/bin/codesign -r- --display /Users/rafael.ramos/Library/Developer/Xcode/DerivedData/ExampleApp-bexqrsfokpljkvfdijwmjcqhwlnx/Build/Products/Debug-iphonesimulator/ExampleAppTests.xctest/Frameworks/libswiftDispatch.dylib
/usr/bin/codesign -r- --display /Users/rafael.ramos/Library/Developer/Xcode/DerivedData/ExampleApp-bexqrsfokpljkvfdijwmjcqhwlnx/Build/Products/Debug-iphonesimulator/ExampleAppTests.xctest/Frameworks/libswiftUIKit.dylib
/usr/bin/codesign -r- --display /Users/rafael.ramos/Library/Developer/Xcode/DerivedData/ExampleApp-bexqrsfokpljkvfdijwmjcqhwlnx/Build/Products/Debug-iphonesimulator/ExampleAppTests.xctest/Frameworks/libswiftMetal.dylib
Codesigning /Users/rafael.ramos/Library/Developer/Xcode/DerivedData/ExampleApp-bexqrsfokpljkvfdijwmjcqhwlnx/Build/Products/Debug-iphonesimulator/ExampleAppTests.xctest/Frameworks/libswiftos.dylib
Codesigning /Users/rafael.ramos/Library/Developer/Xcode/DerivedData/ExampleApp-bexqrsfokpljkvfdijwmjcqhwlnx/Build/Products/Debug-iphonesimulator/ExampleAppTests.xctest/Frameworks/libswiftCoreGraphics.dylib
Codesigning /Users/rafael.ramos/Library/Developer/Xcode/DerivedData/ExampleApp-bexqrsfokpljkvfdijwmjcqhwlnx/Build/Products/Debug-iphonesimulator/ExampleAppTests.xctest/Frameworks/libswiftFoundation.dylib
/usr/bin/codesign --force --sign - --verbose /Users/rafael.ramos/Library/Developer/Xcode/DerivedData/ExampleApp-bexqrsfokpljkvfdijwmjcqhwlnx/Build/Products/Debug-iphonesimulator/ExampleAppTests.xctest/Frameworks/libswiftos.dylib
Codesigning /Users/rafael.ramos/Library/Developer/Xcode/DerivedData/ExampleApp-bexqrsfokpljkvfdijwmjcqhwlnx/Build/Products/Debug-iphonesimulator/ExampleAppTests.xctest/Frameworks/libswiftObjectiveC.dylib
Codesigning /Users/rafael.ramos/Library/Developer/Xcode/DerivedData/ExampleApp-bexqrsfokpljkvfdijwmjcqhwlnx/Build/Products/Debug-iphonesimulator/ExampleAppTests.xctest/Frameworks/libswiftDarwin.dylib
Codesigning /Users/rafael.ramos/Library/Developer/Xcode/DerivedData/ExampleApp-bexqrsfokpljkvfdijwmjcqhwlnx/Build/Products/Debug-iphonesimulator/ExampleAppTests.xctest/Frameworks/libswiftCoreAudio.dylib
/usr/bin/codesign --force --sign - --verbose /Users/rafael.ramos/Library/Developer/Xcode/DerivedData/ExampleApp-bexqrsfokpljkvfdijwmjcqhwlnx/Build/Products/Debug-iphonesimulator/ExampleAppTests.xctest/Frameworks/libswiftCoreGraphics.dylib
/usr/bin/codesign --force --sign - --verbose /Users/rafael.ramos/Library/Developer/Xcode/DerivedData/ExampleApp-bexqrsfokpljkvfdijwmjcqhwlnx/Build/Products/Debug-iphonesimulator/ExampleAppTests.xctest/Frameworks/libswiftFoundation.dylib
/usr/bin/codesign --force --sign - --verbose /Users/rafael.ramos/Library/Developer/Xcode/DerivedData/ExampleApp-bexqrsfokpljkvfdijwmjcqhwlnx/Build/Products/Debug-iphonesimulator/ExampleAppTests.xctest/Frameworks/libswiftObjectiveC.dylib
/usr/bin/codesign --force --sign - --verbose /Users/rafael.ramos/Library/Developer/Xcode/DerivedData/ExampleApp-bexqrsfokpljkvfdijwmjcqhwlnx/Build/Products/Debug-iphonesimulator/ExampleAppTests.xctest/Frameworks/libswiftDarwin.dylib
/usr/bin/codesign --force --sign - --verbose /Users/rafael.ramos/Library/Developer/Xcode/DerivedData/ExampleApp-bexqrsfokpljkvfdijwmjcqhwlnx/Build/Products/Debug-iphonesimulator/ExampleAppTests.xctest/Frameworks/libswiftCoreAudio.dylib
Codesigning /Users/rafael.ramos/Library/Developer/Xcode/DerivedData/ExampleApp-bexqrsfokpljkvfdijwmjcqhwlnx/Build/Products/Debug-iphonesimulator/ExampleAppTests.xctest/Frameworks/libswiftQuartzCore.dylib
Codesigning /Users/rafael.ramos/Library/Developer/Xcode/DerivedData/ExampleApp-bexqrsfokpljkvfdijwmjcqhwlnx/Build/Products/Debug-iphonesimulator/ExampleAppTests.xctest/Frameworks/libswiftCoreImage.dylib
/usr/bin/codesign --force --sign - --verbose /Users/rafael.ramos/Library/Developer/Xcode/DerivedData/ExampleApp-bexqrsfokpljkvfdijwmjcqhwlnx/Build/Products/Debug-iphonesimulator/ExampleAppTests.xctest/Frameworks/libswiftQuartzCore.dylib
/usr/bin/codesign --force --sign - --verbose /Users/rafael.ramos/Library/Developer/Xcode/DerivedData/ExampleApp-bexqrsfokpljkvfdijwmjcqhwlnx/Build/Products/Debug-iphonesimulator/ExampleAppTests.xctest/Frameworks/libswiftCoreImage.dylib
Codesigning /Users/rafael.ramos/Library/Developer/Xcode/DerivedData/ExampleApp-bexqrsfokpljkvfdijwmjcqhwlnx/Build/Products/Debug-iphonesimulator/ExampleAppTests.xctest/Frameworks/libswiftUIKit.dylib
Codesigning /Users/rafael.ramos/Library/Developer/Xcode/DerivedData/ExampleApp-bexqrsfokpljkvfdijwmjcqhwlnx/Build/Products/Debug-iphonesimulator/ExampleAppTests.xctest/Frameworks/libswiftDispatch.dylib
Codesigning /Users/rafael.ramos/Library/Developer/Xcode/DerivedData/ExampleApp-bexqrsfokpljkvfdijwmjcqhwlnx/Build/Products/Debug-iphonesimulator/ExampleAppTests.xctest/Frameworks/libswiftXCTest.dylib
/usr/bin/codesign --force --sign - --verbose /Users/rafael.ramos/Library/Developer/Xcode/DerivedData/ExampleApp-bexqrsfokpljkvfdijwmjcqhwlnx/Build/Products/Debug-iphonesimulator/ExampleAppTests.xctest/Frameworks/libswiftUIKit.dylib
Codesigning /Users/rafael.ramos/Library/Developer/Xcode/DerivedData/ExampleApp-bexqrsfokpljkvfdijwmjcqhwlnx/Build/Products/Debug-iphonesimulator/ExampleAppTests.xctest/Frameworks/libswiftMetal.dylib
/usr/bin/codesign --force --sign - --verbose /Users/rafael.ramos/Library/Developer/Xcode/DerivedData/ExampleApp-bexqrsfokpljkvfdijwmjcqhwlnx/Build/Products/Debug-iphonesimulator/ExampleAppTests.xctest/Frameworks/libswiftDispatch.dylib
/usr/bin/codesign --force --sign - --verbose /Users/rafael.ramos/Library/Developer/Xcode/DerivedData/ExampleApp-bexqrsfokpljkvfdijwmjcqhwlnx/Build/Products/Debug-iphonesimulator/ExampleAppTests.xctest/Frameworks/libswiftXCTest.dylib
/usr/bin/codesign --force --sign - --verbose /Users/rafael.ramos/Library/Developer/Xcode/DerivedData/ExampleApp-bexqrsfokpljkvfdijwmjcqhwlnx/Build/Products/Debug-iphonesimulator/ExampleAppTests.xctest/Frameworks/libswiftMetal.dylib
Probing signature of /Users/rafael.ramos/Library/Developer/Xcode/DerivedData/ExampleApp-bexqrsfokpljkvfdijwmjcqhwlnx/Build/Products/Debug-iphonesimulator/ExampleAppTests.xctest/Frameworks/libswiftObjectiveC.dylib
/usr/bin/codesign -r- --display /Users/rafael.ramos/Library/Developer/Xcode/DerivedData/ExampleApp-bexqrsfokpljkvfdijwmjcqhwlnx/Build/Products/Debug-iphonesimulator/ExampleAppTests.xctest/Frameworks/libswiftObjectiveC.dylib
Probing signature of /Users/rafael.ramos/Library/Developer/Xcode/DerivedData/ExampleApp-bexqrsfokpljkvfdijwmjcqhwlnx/Build/Products/Debug-iphonesimulator/ExampleAppTests.xctest/Frameworks/libswiftos.dylib
/usr/bin/codesign -r- --display /Users/rafael.ramos/Library/Developer/Xcode/DerivedData/ExampleApp-bexqrsfokpljkvfdijwmjcqhwlnx/Build/Products/Debug-iphonesimulator/ExampleAppTests.xctest/Frameworks/libswiftos.dylib
Probing signature of /Users/rafael.ramos/Library/Developer/Xcode/DerivedData/ExampleApp-bexqrsfokpljkvfdijwmjcqhwlnx/Build/Products/Debug-iphonesimulator/ExampleAppTests.xctest/Frameworks/libswiftQuartzCore.dylib
Probing signature of /Users/rafael.ramos/Library/Developer/Xcode/DerivedData/ExampleApp-bexqrsfokpljkvfdijwmjcqhwlnx/Build/Products/Debug-iphonesimulator/ExampleAppTests.xctest/Frameworks/libswiftDarwin.dylib
Probing signature of /Users/rafael.ramos/Library/Developer/Xcode/DerivedData/ExampleApp-bexqrsfokpljkvfdijwmjcqhwlnx/Build/Products/Debug-iphonesimulator/ExampleAppTests.xctest/Frameworks/libswiftCoreImage.dylib
Probing signature of /Users/rafael.ramos/Library/Developer/Xcode/DerivedData/ExampleApp-bexqrsfokpljkvfdijwmjcqhwlnx/Build/Products/Debug-iphonesimulator/ExampleAppTests.xctest/Frameworks/libswiftCoreAudio.dylib
/usr/bin/codesign -r- --display /Users/rafael.ramos/Library/Developer/Xcode/DerivedData/ExampleApp-bexqrsfokpljkvfdijwmjcqhwlnx/Build/Products/Debug-iphonesimulator/ExampleAppTests.xctest/Frameworks/libswiftQuartzCore.dylib
/usr/bin/codesign -r- --display /Users/rafael.ramos/Library/Developer/Xcode/DerivedData/ExampleApp-bexqrsfokpljkvfdijwmjcqhwlnx/Build/Products/Debug-iphonesimulator/ExampleAppTests.xctest/Frameworks/libswiftDarwin.dylib
/usr/bin/codesign -r- --display /Users/rafael.ramos/Library/Developer/Xcode/DerivedData/ExampleApp-bexqrsfokpljkvfdijwmjcqhwlnx/Build/Products/Debug-iphonesimulator/ExampleAppTests.xctest/Frameworks/libswiftCoreImage.dylib
/usr/bin/codesign -r- --display /Users/rafael.ramos/Library/Developer/Xcode/DerivedData/ExampleApp-bexqrsfokpljkvfdijwmjcqhwlnx/Build/Products/Debug-iphonesimulator/ExampleAppTests.xctest/Frameworks/libswiftCoreAudio.dylib
Probing signature of /Users/rafael.ramos/Library/Developer/Xcode/DerivedData/ExampleApp-bexqrsfokpljkvfdijwmjcqhwlnx/Build/Products/Debug-iphonesimulator/ExampleAppTests.xctest/Frameworks/libswiftXCTest.dylib
Probing signature of /Users/rafael.ramos/Library/Developer/Xcode/DerivedData/ExampleApp-bexqrsfokpljkvfdijwmjcqhwlnx/Build/Products/Debug-iphonesimulator/ExampleAppTests.xctest/Frameworks/libswiftMetal.dylib
/usr/bin/codesign -r- --display /Users/rafael.ramos/Library/Developer/Xcode/DerivedData/ExampleApp-bexqrsfokpljkvfdijwmjcqhwlnx/Build/Products/Debug-iphonesimulator/ExampleAppTests.xctest/Frameworks/libswiftXCTest.dylib
/usr/bin/codesign -r- --display /Users/rafael.ramos/Library/Developer/Xcode/DerivedData/ExampleApp-bexqrsfokpljkvfdijwmjcqhwlnx/Build/Products/Debug-iphonesimulator/ExampleAppTests.xctest/Frameworks/libswiftMetal.dylib
Code signature of /Users/rafael.ramos/Library/Developer/Xcode/DerivedData/ExampleApp-bexqrsfokpljkvfdijwmjcqhwlnx/Build/Products/Debug-iphonesimulator/ExampleAppTests.xctest/Frameworks/libswiftObjectiveC.dylib is unchanged; keeping original
Code signature of /Users/rafael.ramos/Library/Developer/Xcode/DerivedData/ExampleApp-bexqrsfokpljkvfdijwmjcqhwlnx/Build/Products/Debug-iphonesimulator/ExampleAppTests.xctest/Frameworks/libswiftos.dylib is unchanged; keeping original
Probing signature of /Users/rafael.ramos/Library/Developer/Xcode/DerivedData/ExampleApp-bexqrsfokpljkvfdijwmjcqhwlnx/Build/Products/Debug-iphonesimulator/ExampleAppTests.xctest/Frameworks/libswiftCoreFoundation.dylib
/usr/bin/codesign -r- --display /Users/rafael.ramos/Library/Developer/Xcode/DerivedData/ExampleApp-bexqrsfokpljkvfdijwmjcqhwlnx/Build/Products/Debug-iphonesimulator/ExampleAppTests.xctest/Frameworks/libswiftCoreFoundation.dylib
Probing signature of /Users/rafael.ramos/Library/Developer/Xcode/DerivedData/ExampleApp-bexqrsfokpljkvfdijwmjcqhwlnx/Build/Products/Debug-iphonesimulator/ExampleAppTests.xctest/Frameworks/libswiftCoreMedia.dylib
/usr/bin/codesign -r- --display /Users/rafael.ramos/Library/Developer/Xcode/DerivedData/ExampleApp-bexqrsfokpljkvfdijwmjcqhwlnx/Build/Products/Debug-iphonesimulator/ExampleAppTests.xctest/Frameworks/libswiftCoreMedia.dylib
Probing signature of /Users/rafael.ramos/Library/Developer/Xcode/DerivedData/ExampleApp-bexqrsfokpljkvfdijwmjcqhwlnx/Build/Products/Debug-iphonesimulator/ExampleAppTests.xctest/Frameworks/libswiftUIKit.dylib
/usr/bin/codesign -r- --display /Users/rafael.ramos/Library/Developer/Xcode/DerivedData/ExampleApp-bexqrsfokpljkvfdijwmjcqhwlnx/Build/Products/Debug-iphonesimulator/ExampleAppTests.xctest/Frameworks/libswiftUIKit.dylib
Probing signature of /Users/rafael.ramos/Library/Developer/Xcode/DerivedData/ExampleApp-bexqrsfokpljkvfdijwmjcqhwlnx/Build/Products/Debug-iphonesimulator/ExampleAppTests.xctest/Frameworks/libswiftDispatch.dylib
/usr/bin/codesign -r- --display /Users/rafael.ramos/Library/Developer/Xcode/DerivedData/ExampleApp-bexqrsfokpljkvfdijwmjcqhwlnx/Build/Products/Debug-iphonesimulator/ExampleAppTests.xctest/Frameworks/libswiftDispatch.dylib
Code signature of /Users/rafael.ramos/Library/Developer/Xcode/DerivedData/ExampleApp-bexqrsfokpljkvfdijwmjcqhwlnx/Build/Products/Debug-iphonesimulator/ExampleAppTests.xctest/Frameworks/libswiftQuartzCore.dylib is unchanged; keeping original
Code signature of /Users/rafael.ramos/Library/Developer/Xcode/DerivedData/ExampleApp-bexqrsfokpljkvfdijwmjcqhwlnx/Build/Products/Debug-iphonesimulator/ExampleAppTests.xctest/Frameworks/libswiftDarwin.dylib is unchanged; keeping original
Code signature of /Users/rafael.ramos/Library/Developer/Xcode/DerivedData/ExampleApp-bexqrsfokpljkvfdijwmjcqhwlnx/Build/Products/Debug-iphonesimulator/ExampleAppTests.xctest/Frameworks/libswiftCoreAudio.dylib is unchanged; keeping original
Code signature of /Users/rafael.ramos/Library/Developer/Xcode/DerivedData/ExampleApp-bexqrsfokpljkvfdijwmjcqhwlnx/Build/Products/Debug-iphonesimulator/ExampleAppTests.xctest/Frameworks/libswiftCoreImage.dylib is unchanged; keeping original
Code signature of /Users/rafael.ramos/Library/Developer/Xcode/DerivedData/ExampleApp-bexqrsfokpljkvfdijwmjcqhwlnx/Build/Products/Debug-iphonesimulator/ExampleAppTests.xctest/Frameworks/libswiftMetal.dylib is unchanged; keeping original
Code signature of /Users/rafael.ramos/Library/Developer/Xcode/DerivedData/ExampleApp-bexqrsfokpljkvfdijwmjcqhwlnx/Build/Products/Debug-iphonesimulator/ExampleAppTests.xctest/Frameworks/libswiftXCTest.dylib is unchanged; keeping original
Codesigning /Users/rafael.ramos/Library/Developer/Xcode/DerivedData/ExampleApp-bexqrsfokpljkvfdijwmjcqhwlnx/Build/Products/Debug-iphonesimulator/ExampleAppTests.xctest/Frameworks/libswiftCoreMedia.dylib
Codesigning /Users/rafael.ramos/Library/Developer/Xcode/DerivedData/ExampleApp-bexqrsfokpljkvfdijwmjcqhwlnx/Build/Products/Debug-iphonesimulator/ExampleAppTests.xctest/Frameworks/libswiftCoreFoundation.dylib
/usr/bin/codesign --force --sign - --verbose /Users/rafael.ramos/Library/Developer/Xcode/DerivedData/ExampleApp-bexqrsfokpljkvfdijwmjcqhwlnx/Build/Products/Debug-iphonesimulator/ExampleAppTests.xctest/Frameworks/libswiftCoreMedia.dylib
/usr/bin/codesign --force --sign - --verbose /Users/rafael.ramos/Library/Developer/Xcode/DerivedData/ExampleApp-bexqrsfokpljkvfdijwmjcqhwlnx/Build/Products/Debug-iphonesimulator/ExampleAppTests.xctest/Frameworks/libswiftCoreFoundation.dylib
Code signature of /Users/rafael.ramos/Library/Developer/Xcode/DerivedData/ExampleApp-bexqrsfokpljkvfdijwmjcqhwlnx/Build/Products/Debug-iphonesimulator/ExampleAppTests.xctest/Frameworks/libswiftDispatch.dylib is unchanged; keeping original
Code signature of /Users/rafael.ramos/Library/Developer/Xcode/DerivedData/ExampleApp-bexqrsfokpljkvfdijwmjcqhwlnx/Build/Products/Debug-iphonesimulator/ExampleAppTests.xctest/Frameworks/libswiftUIKit.dylib is unchanged; keeping original
Probing signature of /Users/rafael.ramos/Library/Developer/Xcode/DerivedData/ExampleApp-bexqrsfokpljkvfdijwmjcqhwlnx/Build/Products/Debug-iphonesimulator/ExampleAppTests.xctest/Frameworks/libswiftCoreGraphics.dylib
Probing signature of /Users/rafael.ramos/Library/Developer/Xcode/DerivedData/ExampleApp-bexqrsfokpljkvfdijwmjcqhwlnx/Build/Products/Debug-iphonesimulator/ExampleAppTests.xctest/Frameworks/libswiftFoundation.dylib
/usr/bin/codesign -r- --display /Users/rafael.ramos/Library/Developer/Xcode/DerivedData/ExampleApp-bexqrsfokpljkvfdijwmjcqhwlnx/Build/Products/Debug-iphonesimulator/ExampleAppTests.xctest/Frameworks/libswiftCoreGraphics.dylib
/usr/bin/codesign -r- --display /Users/rafael.ramos/Library/Developer/Xcode/DerivedData/ExampleApp-bexqrsfokpljkvfdijwmjcqhwlnx/Build/Products/Debug-iphonesimulator/ExampleAppTests.xctest/Frameworks/libswiftFoundation.dylib
Code signature of /Users/rafael.ramos/Library/Developer/Xcode/DerivedData/ExampleApp-bexqrsfokpljkvfdijwmjcqhwlnx/Build/Products/Debug-iphonesimulator/ExampleAppTests.xctest/Frameworks/libswiftCoreGraphics.dylib is unchanged; keeping original
Code signature of /Users/rafael.ramos/Library/Developer/Xcode/DerivedData/ExampleApp-bexqrsfokpljkvfdijwmjcqhwlnx/Build/Products/Debug-iphonesimulator/ExampleAppTests.xctest/Frameworks/libswiftFoundation.dylib is unchanged; keeping original
Probing signature of /Users/rafael.ramos/Library/Developer/Xcode/DerivedData/ExampleApp-bexqrsfokpljkvfdijwmjcqhwlnx/Build/Products/Debug-iphonesimulator/ExampleAppTests.xctest/Frameworks/libswiftCoreFoundation.dylib
/usr/bin/codesign -r- --display /Users/rafael.ramos/Library/Developer/Xcode/DerivedData/ExampleApp-bexqrsfokpljkvfdijwmjcqhwlnx/Build/Products/Debug-iphonesimulator/ExampleAppTests.xctest/Frameworks/libswiftCoreFoundation.dylib
Probing signature of /Users/rafael.ramos/Library/Developer/Xcode/DerivedData/ExampleApp-bexqrsfokpljkvfdijwmjcqhwlnx/Build/Products/Debug-iphonesimulator/ExampleAppTests.xctest/Frameworks/libswiftCoreMedia.dylib
/usr/bin/codesign -r- --display /Users/rafael.ramos/Library/Developer/Xcode/DerivedData/ExampleApp-bexqrsfokpljkvfdijwmjcqhwlnx/Build/Products/Debug-iphonesimulator/ExampleAppTests.xctest/Frameworks/libswiftCoreMedia.dylib
Code signature of /Users/rafael.ramos/Library/Developer/Xcode/DerivedData/ExampleApp-bexqrsfokpljkvfdijwmjcqhwlnx/Build/Products/Debug-iphonesimulator/ExampleAppTests.xctest/Frameworks/libswiftCoreMedia.dylib is unchanged; keeping original
Code signature of /Users/rafael.ramos/Library/Developer/Xcode/DerivedData/ExampleApp-bexqrsfokpljkvfdijwmjcqhwlnx/Build/Products/Debug-iphonesimulator/ExampleAppTests.xctest/Frameworks/libswiftCoreFoundation.dylib is unchanged; keeping original

CodeSign /Users/rafael.ramos/Library/Developer/Xcode/DerivedData/ExampleApp-bexqrsfokpljkvfdijwmjcqhwlnx/Build/Products/Debug-iphonesimulator/ExampleAppTests.xctest (in target: ExampleAppTests)
    cd /var/folders/r8/7_vrx8x948s08bsv5r2q6nv110xbg3/T/TemporaryItems/(A\ Document\ Being\ Saved\ By\ muter\ 44)/ExampleApp
    export CODESIGN_ALLOCATE=/Applications/Xcode.app/Contents/Developer/Toolchains/XcodeDefault.xctoolchain/usr/bin/codesign_allocate
    
Signing Identity:     "-"

    /usr/bin/codesign --force --sign - --timestamp=none /Users/rafael.ramos/Library/Developer/Xcode/DerivedData/ExampleApp-bexqrsfokpljkvfdijwmjcqhwlnx/Build/Products/Debug-iphonesimulator/ExampleAppTests.xctest

2019-05-29 09:34:40.149 xcodebuild[12058:2426428]  IDETestOperationsObserverDebug: Writing diagnostic log for test session to:
/Users/rafael.ramos/Library/Developer/Xcode/DerivedData/ExampleApp-bexqrsfokpljkvfdijwmjcqhwlnx/Logs/Test/Test-ExampleApp-2019.05.29_09-34-38--0300.xcresult/1_Test/Diagnostics/ExampleAppTests-2A69D436-6BF2-4ACE-83DD-7C684B524CF8/ExampleAppTests-099A6FCA-5C0C-4DD8-BBA5-347E6C518FFB/Session-ExampleAppTests-2019-05-29_093440-Yhk5WT.log
2019-05-29 09:34:40.149 xcodebuild[12058:2426390] [MT] IDETestOperationsObserverDebug: (FF9F7FF6-AA19-4F16-8017-FD5203FABAE6) Beginning test session ExampleAppTests-FF9F7FF6-AA19-4F16-8017-FD5203FABAE6 at 2019-05-29 09:34:40.149 with Xcode 10E1001 on target <DVTiPhoneSimulator: 0x7f906aa68a00> {
		SimDevice: iPhone 8 (8263F9B8-6B4A-4AD5-BAF4-0705AA34E6AE, iOS 12.2, Shutdown)
} (12.2 (16E226))
2019-05-29 09:34:42.344 xcodebuild[12058:2426390] [MT] IDETestOperationsObserverDebug: (FF9F7FF6-AA19-4F16-8017-FD5203FABAE6) Finished requesting crash reports. Continuing with testing.
Test Suite 'All tests' started at 2019-05-29 09:34:42.600
Test Suite 'ExampleAppTests.xctest' started at 2019-05-29 09:34:42.601
Test Suite 'Module2Tests' started at 2019-05-29 09:34:42.601
Test Case '-[ExampleAppTests.Module2Tests test]' started.
Test Case '-[ExampleAppTests.Module2Tests test]' passed (0.001 seconds).
Test Case '-[ExampleAppTests.Module2Tests testAnother]' started.
/var/folders/r8/7_vrx8x948s08bsv5r2q6nv110xbg3/T/TemporaryItems/(A Document Being Saved By muter 44)/ExampleApp/ExampleAppTests/ModuleTests.swift:17: error: -[ExampleAppTests.Module2Tests testAnother] : XCTAssertFalse failed
Test Case '-[ExampleAppTests.Module2Tests testAnother]' failed (0.004 seconds).
Test Suite 'Module2Tests' failed at 2019-05-29 09:34:42.607.
	 Executed 2 tests, with 1 failure (0 unexpected) in 0.005 (0.006) seconds
Test Suite 'ModuleTests' started at 2019-05-29 09:34:42.608
Test Case '-[ExampleAppTests.ModuleTests test]' started.
Test Case '-[ExampleAppTests.ModuleTests test]' passed (0.001 seconds).
Test Suite 'ModuleTests' passed at 2019-05-29 09:34:42.609.
	 Executed 1 test, with 0 failures (0 unexpected) in 0.001 (0.001) seconds
Test Suite 'ExampleAppTests.xctest' failed at 2019-05-29 09:34:42.610.
	 Executed 3 tests, with 1 failure (0 unexpected) in 0.005 (0.009) seconds
Test Suite 'All tests' failed at 2019-05-29 09:34:42.610.
	 Executed 3 tests, with 1 failure (0 unexpected) in 0.005 (0.010) seconds
2019-05-29 09:34:49.318 xcodebuild[12058:2426390] [MT] IDETestOperationsObserverDebug: 9.173 elapsed -- Testing started completed.
2019-05-29 09:34:49.318 xcodebuild[12058:2426390] [MT] IDETestOperationsObserverDebug: 0.000 sec, +0.000 sec -- start
2019-05-29 09:34:49.318 xcodebuild[12058:2426390] [MT] IDETestOperationsObserverDebug: 9.173 sec, +9.173 sec -- end

Failing tests:
	ExampleAppTests:
		Module2Tests.testAnother()

Test session results and logs:
	/Users/rafael.ramos/Library/Developer/Xcode/DerivedData/ExampleApp-bexqrsfokpljkvfdijwmjcqhwlnx/Logs/Test/Test-ExampleApp-2019.05.29_09-34-38--0300.xcresult

** TEST FAILED **

Testing started on 'iPhone 8'
